2021-12-22 15:31:39.979  INFO 80439 --- [restartedMain] c.c.codersbidv2.Codersbidv2Application   : Starting Codersbidv2Application using Java 1.8.0_221 on aman with PID 80439 (/Users/amanprasad/codebase/codersbidv2/target/classes started by amanprasad in /Users/amanprasad/codebase/aman)
2021-12-22 15:31:39.989  INFO 80439 --- [restartedMain] c.c.codersbidv2.Codersbidv2Application   : No active profile set, falling back to default profiles: default
2021-12-22 15:31:40.089  INFO 80439 --- [restartedMain] .e.DevToolsPropertyDefaultsPostProcessor : Devtools property defaults active! Set 'spring.devtools.add-properties' to 'false' to disable
2021-12-22 15:31:40.090  INFO 80439 --- [restartedMain] .e.DevToolsPropertyDefaultsPostProcessor : For additional web related logging consider setting the 'logging.level.web' property to 'DEBUG'
2021-12-22 15:31:41.466  INFO 80439 --- [restartedMain] .s.d.r.c.RepositoryConfigurationDelegate : Bootstrapping Spring Data JPA repositories in DEFAULT mode.
2021-12-22 15:31:41.598  INFO 80439 --- [restartedMain] .s.d.r.c.RepositoryConfigurationDelegate : Finished Spring Data repository scanning in 120 ms. Found 7 JPA repository interfaces.
2021-12-22 15:31:42.068  INFO 80439 --- [restartedMain] trationDelegate$BeanPostProcessorChecker : Bean 'springAsyncConfig' of type [com.codersbid.codersbidv2.sharedlib.configs.SpringAsyncConfig$$EnhancerBySpringCGLIB$$6a42b807] is not eligible for getting processed by all BeanPostProcessors (for example: not eligible for auto-proxying)
2021-12-22 15:31:42.142  INFO 80439 --- [restartedMain] trationDelegate$BeanPostProcessorChecker : Bean 'org.springframework.ws.config.annotation.DelegatingWsConfiguration' of type [org.springframework.ws.config.annotation.DelegatingWsConfiguration$$EnhancerBySpringCGLIB$$c0fa162a] is not eligible for getting processed by all BeanPostProcessors (for example: not eligible for auto-proxying)
2021-12-22 15:31:42.214  INFO 80439 --- [restartedMain] .w.s.a.s.AnnotationActionEndpointMapping : Supporting [WS-Addressing August 2004, WS-Addressing 1.0]
2021-12-22 15:31:42.450 DEBUG 80439 --- [restartedMain] o.a.catalina.core.AprLifecycleListener   : The Apache Tomcat Native library could not be found using names [tcnative-1, libtcnative-1] on the java.library.path [/Users/amanprasad/Library/Java/Extensions:/Library/Java/Extensions:/Network/Library/Java/Extensions:/System/Library/Java/Extensions:/usr/lib/java:.]. The errors reported were [Can't load library: /Users/amanprasad/codebase/aman/bin/libtcnative-1.dylib, Can't load library: /Users/amanprasad/codebase/aman/bin/liblibtcnative-1.dylib, no tcnative-1 in java.library.path, no libtcnative-1 in java.library.path]

org.apache.tomcat.jni.LibraryNotFoundError: Can't load library: /Users/amanprasad/codebase/aman/bin/libtcnative-1.dylib, Can't load library: /Users/amanprasad/codebase/aman/bin/liblibtcnative-1.dylib, no tcnative-1 in java.library.path, no libtcnative-1 in java.library.path
	at org.apache.tomcat.jni.Library.<init>(Library.java:93) ~[tomcat-embed-core-9.0.52.jar:9.0.52]
	at org.apache.tomcat.jni.Library.initialize(Library.java:203) ~[tomcat-embed-core-9.0.52.jar:9.0.52]
	at org.apache.catalina.core.AprLifecycleListener.init(AprLifecycleListener.java:190) [tomcat-embed-core-9.0.52.jar:9.0.52]
	at org.apache.catalina.core.AprLifecycleListener.isAprAvailable(AprLifecycleListener.java:99) [tomcat-embed-core-9.0.52.jar:9.0.52]
	at org.springframework.boot.web.embedded.tomcat.TomcatServletWebServerFactory.getDefaultLifecycleListeners(TomcatServletWebServerFactory.java:173) [spring-boot-2.5.4.jar:2.5.4]
	at org.springframework.boot.web.embedded.tomcat.TomcatServletWebServerFactory.<init>(TomcatServletWebServerFactory.java:120) [spring-boot-2.5.4.jar:2.5.4]
	at org.springframework.boot.autoconfigure.web.servlet.ServletWebServerFactoryConfiguration$EmbeddedTomcat.tomcatServletWebServerFactory(ServletWebServerFactoryConfiguration.java:76) [spring-boot-autoconfigure-2.5.4.jar:2.5.4]
	at sun.reflect.NativeMethodAccessorImpl.invoke0(Native Method) ~[na:1.8.0_221]
	at sun.reflect.NativeMethodAccessorImpl.invoke(NativeMethodAccessorImpl.java:62) ~[na:1.8.0_221]
	at sun.reflect.DelegatingMethodAccessorImpl.invoke(DelegatingMethodAccessorImpl.java:43) ~[na:1.8.0_221]
	at java.lang.reflect.Method.invoke(Method.java:498) ~[na:1.8.0_221]
	at org.springframework.beans.factory.support.SimpleInstantiationStrategy.instantiate(SimpleInstantiationStrategy.java:154) [spring-beans-5.3.9.jar:5.3.9]
	at org.springframework.beans.factory.support.ConstructorResolver.instantiate(ConstructorResolver.java:653) [spring-beans-5.3.9.jar:5.3.9]
	at org.springframework.beans.factory.support.ConstructorResolver.instantiateUsingFactoryMethod(ConstructorResolver.java:638) [spring-beans-5.3.9.jar:5.3.9]
	at org.springframework.beans.factory.support.AbstractAutowireCapableBeanFactory.instantiateUsingFactoryMethod(AbstractAutowireCapableBeanFactory.java:1334) [spring-beans-5.3.9.jar:5.3.9]
	at org.springframework.beans.factory.support.AbstractAutowireCapableBeanFactory.createBeanInstance(AbstractAutowireCapableBeanFactory.java:1177) [spring-beans-5.3.9.jar:5.3.9]
	at org.springframework.beans.factory.support.AbstractAutowireCapableBeanFactory.doCreateBean(AbstractAutowireCapableBeanFactory.java:564) [spring-beans-5.3.9.jar:5.3.9]
	at org.springframework.beans.factory.support.AbstractAutowireCapableBeanFactory.createBean(AbstractAutowireCapableBeanFactory.java:524) [spring-beans-5.3.9.jar:5.3.9]
	at org.springframework.beans.factory.support.AbstractBeanFactory.lambda$doGetBean$0(AbstractBeanFactory.java:335) [spring-beans-5.3.9.jar:5.3.9]
	at org.springframework.beans.factory.support.DefaultSingletonBeanRegistry.getSingleton(DefaultSingletonBeanRegistry.java:234) ~[spring-beans-5.3.9.jar:5.3.9]
	at org.springframework.beans.factory.support.AbstractBeanFactory.doGetBean(AbstractBeanFactory.java:333) [spring-beans-5.3.9.jar:5.3.9]
	at org.springframework.beans.factory.support.AbstractBeanFactory.getBean(AbstractBeanFactory.java:213) [spring-beans-5.3.9.jar:5.3.9]
	at org.springframework.boot.web.servlet.context.ServletWebServerApplicationContext.getWebServerFactory(ServletWebServerApplicationContext.java:217) ~[spring-boot-2.5.4.jar:2.5.4]
	at org.springframework.boot.web.servlet.context.ServletWebServerApplicationContext.createWebServer(ServletWebServerApplicationContext.java:180) ~[spring-boot-2.5.4.jar:2.5.4]
	at org.springframework.boot.web.servlet.context.ServletWebServerApplicationContext.onRefresh(ServletWebServerApplicationContext.java:160) ~[spring-boot-2.5.4.jar:2.5.4]
	at org.springframework.context.support.AbstractApplicationContext.refresh(AbstractApplicationContext.java:577) ~[spring-context-5.3.9.jar:5.3.9]
	at org.springframework.boot.web.servlet.context.ServletWebServerApplicationContext.refresh(ServletWebServerApplicationContext.java:145) ~[spring-boot-2.5.4.jar:2.5.4]
	at org.springframework.boot.SpringApplication.refresh(SpringApplication.java:754) ~[spring-boot-2.5.4.jar:2.5.4]
	at org.springframework.boot.SpringApplication.refreshContext(SpringApplication.java:434) ~[spring-boot-2.5.4.jar:2.5.4]
	at org.springframework.boot.SpringApplication.run(SpringApplication.java:338) ~[spring-boot-2.5.4.jar:2.5.4]
	at org.springframework.boot.SpringApplication.run(SpringApplication.java:1343) ~[spring-boot-2.5.4.jar:2.5.4]
	at org.springframework.boot.SpringApplication.run(SpringApplication.java:1332) ~[spring-boot-2.5.4.jar:2.5.4]
	at com.codersbid.codersbidv2.Codersbidv2Application.main(Codersbidv2Application.java:12) ~[classes/:na]
	at sun.reflect.NativeMethodAccessorImpl.invoke0(Native Method) ~[na:1.8.0_221]
	at sun.reflect.NativeMethodAccessorImpl.invoke(NativeMethodAccessorImpl.java:62) ~[na:1.8.0_221]
	at sun.reflect.DelegatingMethodAccessorImpl.invoke(DelegatingMethodAccessorImpl.java:43) ~[na:1.8.0_221]
	at java.lang.reflect.Method.invoke(Method.java:498) ~[na:1.8.0_221]
	at org.springframework.boot.devtools.restart.RestartLauncher.run(RestartLauncher.java:49) ~[spring-boot-devtools-2.5.4.jar:2.5.4]

2021-12-22 15:31:42.671 DEBUG 80439 --- [restartedMain] o.apache.tomcat.util.compat.Jre9Compat   : Class not found so assuming code is running on a pre-Java 9 JVM

java.lang.ClassNotFoundException: java.lang.reflect.InaccessibleObjectException
	at java.net.URLClassLoader.findClass(URLClassLoader.java:382) ~[na:1.8.0_221]
	at java.lang.ClassLoader.loadClass(ClassLoader.java:424) ~[na:1.8.0_221]
	at sun.misc.Launcher$AppClassLoader.loadClass(Launcher.java:349) ~[na:1.8.0_221]
	at java.lang.ClassLoader.loadClass(ClassLoader.java:357) ~[na:1.8.0_221]
	at java.lang.Class.forName0(Native Method) ~[na:1.8.0_221]
	at java.lang.Class.forName(Class.java:264) ~[na:1.8.0_221]
	at org.apache.tomcat.util.compat.Jre9Compat.<clinit>(Jre9Compat.java:83) ~[tomcat-embed-core-9.0.52.jar:9.0.52]
	at org.apache.tomcat.util.compat.JreCompat.<clinit>(JreCompat.java:70) [tomcat-embed-core-9.0.52.jar:9.0.52]
	at org.apache.catalina.startup.Tomcat.<clinit>(Tomcat.java:1303) [tomcat-embed-core-9.0.52.jar:9.0.52]
	at org.springframework.boot.web.embedded.tomcat.TomcatServletWebServerFactory.getWebServer(TomcatServletWebServerFactory.java:185) [spring-boot-2.5.4.jar:2.5.4]
	at org.springframework.boot.web.servlet.context.ServletWebServerApplicationContext.createWebServer(ServletWebServerApplicationContext.java:182) [spring-boot-2.5.4.jar:2.5.4]
	at org.springframework.boot.web.servlet.context.ServletWebServerApplicationContext.onRefresh(ServletWebServerApplicationContext.java:160) [spring-boot-2.5.4.jar:2.5.4]
	at org.springframework.context.support.AbstractApplicationContext.refresh(AbstractApplicationContext.java:577) [spring-context-5.3.9.jar:5.3.9]
	at org.springframework.boot.web.servlet.context.ServletWebServerApplicationContext.refresh(ServletWebServerApplicationContext.java:145) [spring-boot-2.5.4.jar:2.5.4]
	at org.springframework.boot.SpringApplication.refresh(SpringApplication.java:754) [spring-boot-2.5.4.jar:2.5.4]
	at org.springframework.boot.SpringApplication.refreshContext(SpringApplication.java:434) [spring-boot-2.5.4.jar:2.5.4]
	at org.springframework.boot.SpringApplication.run(SpringApplication.java:338) [spring-boot-2.5.4.jar:2.5.4]
	at org.springframework.boot.SpringApplication.run(SpringApplication.java:1343) [spring-boot-2.5.4.jar:2.5.4]
	at org.springframework.boot.SpringApplication.run(SpringApplication.java:1332) [spring-boot-2.5.4.jar:2.5.4]
	at com.codersbid.codersbidv2.Codersbidv2Application.main(Codersbidv2Application.java:12) [classes/:na]
	at sun.reflect.NativeMethodAccessorImpl.invoke0(Native Method) ~[na:1.8.0_221]
	at sun.reflect.NativeMethodAccessorImpl.invoke(NativeMethodAccessorImpl.java:62) ~[na:1.8.0_221]
	at sun.reflect.DelegatingMethodAccessorImpl.invoke(DelegatingMethodAccessorImpl.java:43) ~[na:1.8.0_221]
	at java.lang.reflect.Method.invoke(Method.java:498) ~[na:1.8.0_221]
	at org.springframework.boot.devtools.restart.RestartLauncher.run(RestartLauncher.java:49) [spring-boot-devtools-2.5.4.jar:2.5.4]

2021-12-22 15:31:42.672 DEBUG 80439 --- [restartedMain] o.apache.tomcat.util.compat.Jre16Compat  : Class not found so assuming code is running on a pre-Java 16 JVM

java.lang.ClassNotFoundException: java.net.UnixDomainSocketAddress
	at java.net.URLClassLoader.findClass(URLClassLoader.java:382) ~[na:1.8.0_221]
	at java.lang.ClassLoader.loadClass(ClassLoader.java:424) ~[na:1.8.0_221]
	at sun.misc.Launcher$AppClassLoader.loadClass(Launcher.java:349) ~[na:1.8.0_221]
	at java.lang.ClassLoader.loadClass(ClassLoader.java:357) ~[na:1.8.0_221]
	at java.lang.Class.forName0(Native Method) ~[na:1.8.0_221]
	at java.lang.Class.forName(Class.java:264) ~[na:1.8.0_221]
	at org.apache.tomcat.util.compat.Jre16Compat.<clinit>(Jre16Compat.java:47) ~[tomcat-embed-core-9.0.52.jar:9.0.52]
	at org.apache.tomcat.util.compat.JreCompat.<clinit>(JreCompat.java:70) [tomcat-embed-core-9.0.52.jar:9.0.52]
	at org.apache.catalina.startup.Tomcat.<clinit>(Tomcat.java:1303) [tomcat-embed-core-9.0.52.jar:9.0.52]
	at org.springframework.boot.web.embedded.tomcat.TomcatServletWebServerFactory.getWebServer(TomcatServletWebServerFactory.java:185) [spring-boot-2.5.4.jar:2.5.4]
	at org.springframework.boot.web.servlet.context.ServletWebServerApplicationContext.createWebServer(ServletWebServerApplicationContext.java:182) [spring-boot-2.5.4.jar:2.5.4]
	at org.springframework.boot.web.servlet.context.ServletWebServerApplicationContext.onRefresh(ServletWebServerApplicationContext.java:160) [spring-boot-2.5.4.jar:2.5.4]
	at org.springframework.context.support.AbstractApplicationContext.refresh(AbstractApplicationContext.java:577) [spring-context-5.3.9.jar:5.3.9]
	at org.springframework.boot.web.servlet.context.ServletWebServerApplicationContext.refresh(ServletWebServerApplicationContext.java:145) [spring-boot-2.5.4.jar:2.5.4]
	at org.springframework.boot.SpringApplication.refresh(SpringApplication.java:754) [spring-boot-2.5.4.jar:2.5.4]
	at org.springframework.boot.SpringApplication.refreshContext(SpringApplication.java:434) [spring-boot-2.5.4.jar:2.5.4]
	at org.springframework.boot.SpringApplication.run(SpringApplication.java:338) [spring-boot-2.5.4.jar:2.5.4]
	at org.springframework.boot.SpringApplication.run(SpringApplication.java:1343) [spring-boot-2.5.4.jar:2.5.4]
	at org.springframework.boot.SpringApplication.run(SpringApplication.java:1332) [spring-boot-2.5.4.jar:2.5.4]
	at com.codersbid.codersbidv2.Codersbidv2Application.main(Codersbidv2Application.java:12) [classes/:na]
	at sun.reflect.NativeMethodAccessorImpl.invoke0(Native Method) ~[na:1.8.0_221]
	at sun.reflect.NativeMethodAccessorImpl.invoke(NativeMethodAccessorImpl.java:62) ~[na:1.8.0_221]
	at sun.reflect.DelegatingMethodAccessorImpl.invoke(DelegatingMethodAccessorImpl.java:43) ~[na:1.8.0_221]
	at java.lang.reflect.Method.invoke(Method.java:498) ~[na:1.8.0_221]
	at org.springframework.boot.devtools.restart.RestartLauncher.run(RestartLauncher.java:49) [spring-boot-devtools-2.5.4.jar:2.5.4]

2021-12-22 15:31:42.737 DEBUG 80439 --- [restartedMain] o.apache.tomcat.util.IntrospectionUtils  : IntrospectionUtils: setProperty(class org.apache.coyote.http11.Http11NioProtocol port=8081)
2021-12-22 15:31:42.752 DEBUG 80439 --- [restartedMain] o.apache.tomcat.util.IntrospectionUtils  : IntrospectionUtils: setProperty(class org.apache.coyote.http11.Http11NioProtocol bindOnInit=false)
2021-12-22 15:31:42.752 DEBUG 80439 --- [restartedMain] o.apache.tomcat.util.IntrospectionUtils  : IntrospectionUtils: setProperty(class org.apache.tomcat.util.net.NioEndpoint bindOnInit=false)
2021-12-22 15:31:42.756 DEBUG 80439 --- [restartedMain] o.apache.tomcat.util.IntrospectionUtils  : IntrospectionUtils: setProperty(class org.apache.coyote.http11.Http11NioProtocol maxPostSize=2097152)
2021-12-22 15:31:42.756 DEBUG 80439 --- [restartedMain] o.apache.tomcat.util.IntrospectionUtils  : IntrospectionUtils: setProperty(class org.apache.tomcat.util.net.NioEndpoint maxPostSize=2097152)
2021-12-22 15:31:42.770 DEBUG 80439 --- [restartedMain] org.apache.catalina.core.ContainerBase   : Add child StandardHost[localhost] StandardEngine[Tomcat]
2021-12-22 15:31:42.797 DEBUG 80439 --- [restartedMain] org.apache.catalina.core.ContainerBase   : Add child TomcatEmbeddedContext[/cb-be-service] StandardEngine[Tomcat].StandardHost[localhost]
2021-12-22 15:31:42.894  INFO 80439 --- [restartedMain] o.s.b.w.embedded.tomcat.TomcatWebServer  : Tomcat initialized with port(s): 8081 (http)
2021-12-22 15:31:42.910 DEBUG 80439 --- [restartedMain] o.apache.tomcat.util.IntrospectionUtils  : IntrospectionUtils: setProperty(class org.apache.coyote.http11.Http11NioProtocol parseBodyMethods=POST)
2021-12-22 15:31:42.910 DEBUG 80439 --- [restartedMain] o.apache.tomcat.util.IntrospectionUtils  : IntrospectionUtils: setProperty(class org.apache.tomcat.util.net.NioEndpoint parseBodyMethods=POST)
2021-12-22 15:31:42.911  INFO 80439 --- [restartedMain] o.apache.catalina.core.StandardService   : Starting service [Tomcat]
2021-12-22 15:31:42.911  INFO 80439 --- [restartedMain] org.apache.catalina.core.StandardEngine  : Starting Servlet engine: [Apache Tomcat/9.0.52]
2021-12-22 15:31:42.915 DEBUG 80439 --- [restartedMain] o.apache.catalina.core.StandardContext   : Starting cb-be-service
2021-12-22 15:31:42.925 DEBUG 80439 --- [restartedMain] o.apache.catalina.core.StandardContext   : Configuring default Resources
2021-12-22 15:31:42.992 DEBUG 80439 --- [restartedMain] o.apache.catalina.core.StandardContext   : Processing standard container startup
2021-12-22 15:31:42.992 DEBUG 80439 --- [restartedMain] org.apache.catalina.loader.WebappLoader  : Starting this Loader
2021-12-22 15:31:43.024 DEBUG 80439 --- [restartedMain] o.a.c.authenticator.AuthenticatorBase    : No SingleSignOn Valve is present
2021-12-22 15:31:43.032  INFO 80439 --- [restartedMain] o.a.c.c.C.[.[.[/cb-be-service]           : Initializing Spring embedded WebApplicationContext
2021-12-22 15:31:43.032  INFO 80439 --- [restartedMain] w.s.c.ServletWebServerApplicationContext : Root WebApplicationContext: initialization completed in 2941 ms
2021-12-22 15:31:43.062 DEBUG 80439 --- [restartedMain] o.a.c.loader.WebappClassLoaderBase       :     findClass(java.lang.ObjectCustomizer)
2021-12-22 15:31:43.064 DEBUG 80439 --- [restartedMain] o.a.c.loader.WebappClassLoaderBase       :     --> Returning ClassNotFoundException
2021-12-22 15:31:43.065 DEBUG 80439 --- [restartedMain] o.a.c.loader.WebappClassLoaderBase       :     findClass(com.codersbid.codersbidv2.sharedlib.tokens.TokenSerializerCustomizer)
2021-12-22 15:31:43.066 DEBUG 80439 --- [restartedMain] o.a.c.loader.WebappClassLoaderBase       :     --> Returning ClassNotFoundException
2021-12-22 15:31:43.183 DEBUG 80439 --- [restartedMain] o.a.c.loader.WebappClassLoaderBase       :     findClass(java.lang.ObjectCustomizer)
2021-12-22 15:31:43.183 DEBUG 80439 --- [restartedMain] o.a.c.loader.WebappClassLoaderBase       :     --> Returning ClassNotFoundException
2021-12-22 15:31:43.185 DEBUG 80439 --- [restartedMain] o.a.c.loader.WebappClassLoaderBase       :     findClass(org.springframework.data.repository.core.support.RepositoryFactoryBeanSupportCustomizer)
2021-12-22 15:31:43.186 DEBUG 80439 --- [restartedMain] o.a.c.loader.WebappClassLoaderBase       :     --> Returning ClassNotFoundException
2021-12-22 15:31:43.188 DEBUG 80439 --- [restartedMain] o.a.c.loader.WebappClassLoaderBase       :     findClass(org.springframework.data.repository.core.support.TransactionalRepositoryFactoryBeanSupportCustomizer)
2021-12-22 15:31:43.189 DEBUG 80439 --- [restartedMain] o.a.c.loader.WebappClassLoaderBase       :     --> Returning ClassNotFoundException
2021-12-22 15:31:43.190 DEBUG 80439 --- [restartedMain] o.a.c.loader.WebappClassLoaderBase       :     findClass(org.springframework.data.jpa.repository.support.JpaRepositoryFactoryBeanCustomizer)
2021-12-22 15:31:43.191 DEBUG 80439 --- [restartedMain] o.a.c.loader.WebappClassLoaderBase       :     --> Returning ClassNotFoundException
2021-12-22 15:31:43.193 DEBUG 80439 --- [restartedMain] o.a.c.loader.WebappClassLoaderBase       :     findClass(org.springframework.beans.factory.BeanFactoryAwareCustomizer)
2021-12-22 15:31:43.195 DEBUG 80439 --- [restartedMain] o.a.c.loader.WebappClassLoaderBase       :     --> Returning ClassNotFoundException
2021-12-22 15:31:43.196 DEBUG 80439 --- [restartedMain] o.a.c.loader.WebappClassLoaderBase       :     findClass(org.springframework.beans.factory.AwareCustomizer)
2021-12-22 15:31:43.197 DEBUG 80439 --- [restartedMain] o.a.c.loader.WebappClassLoaderBase       :     --> Returning ClassNotFoundException
2021-12-22 15:31:43.199 DEBUG 80439 --- [restartedMain] o.a.c.loader.WebappClassLoaderBase       :     findClass(org.springframework.beans.factory.InitializingBeanCustomizer)
2021-12-22 15:31:43.200 DEBUG 80439 --- [restartedMain] o.a.c.loader.WebappClassLoaderBase       :     --> Returning ClassNotFoundException
2021-12-22 15:31:43.201 DEBUG 80439 --- [restartedMain] o.a.c.loader.WebappClassLoaderBase       :     findClass(org.springframework.data.repository.core.support.RepositoryFactoryInformationCustomizer)
2021-12-22 15:31:43.202 DEBUG 80439 --- [restartedMain] o.a.c.loader.WebappClassLoaderBase       :     --> Returning ClassNotFoundException
2021-12-22 15:31:43.204 DEBUG 80439 --- [restartedMain] o.a.c.loader.WebappClassLoaderBase       :     findClass(org.springframework.beans.factory.FactoryBeanCustomizer)
2021-12-22 15:31:43.204 DEBUG 80439 --- [restartedMain] o.a.c.loader.WebappClassLoaderBase       :     --> Returning ClassNotFoundException
2021-12-22 15:31:43.205 DEBUG 80439 --- [restartedMain] o.a.c.loader.WebappClassLoaderBase       :     findClass(org.springframework.beans.factory.BeanClassLoaderAwareCustomizer)
2021-12-22 15:31:43.206 DEBUG 80439 --- [restartedMain] o.a.c.loader.WebappClassLoaderBase       :     --> Returning ClassNotFoundException
2021-12-22 15:31:43.207 DEBUG 80439 --- [restartedMain] o.a.c.loader.WebappClassLoaderBase       :     findClass(org.springframework.beans.factory.AwareCustomizer)
2021-12-22 15:31:43.207 DEBUG 80439 --- [restartedMain] o.a.c.loader.WebappClassLoaderBase       :     --> Returning ClassNotFoundException
2021-12-22 15:31:43.208 DEBUG 80439 --- [restartedMain] o.a.c.loader.WebappClassLoaderBase       :     findClass(org.springframework.beans.factory.BeanFactoryAwareCustomizer)
2021-12-22 15:31:43.209 DEBUG 80439 --- [restartedMain] o.a.c.loader.WebappClassLoaderBase       :     --> Returning ClassNotFoundException
2021-12-22 15:31:43.210 DEBUG 80439 --- [restartedMain] o.a.c.loader.WebappClassLoaderBase       :     findClass(org.springframework.beans.factory.AwareCustomizer)
2021-12-22 15:31:43.210 DEBUG 80439 --- [restartedMain] o.a.c.loader.WebappClassLoaderBase       :     --> Returning ClassNotFoundException
2021-12-22 15:31:43.211 DEBUG 80439 --- [restartedMain] o.a.c.loader.WebappClassLoaderBase       :     findClass(org.springframework.context.ApplicationEventPublisherAwareCustomizer)
2021-12-22 15:31:43.212 DEBUG 80439 --- [restartedMain] o.a.c.loader.WebappClassLoaderBase       :     --> Returning ClassNotFoundException
2021-12-22 15:31:43.212 DEBUG 80439 --- [restartedMain] o.a.c.loader.WebappClassLoaderBase       :     findClass(org.springframework.beans.factory.AwareCustomizer)
2021-12-22 15:31:43.213 DEBUG 80439 --- [restartedMain] o.a.c.loader.WebappClassLoaderBase       :     --> Returning ClassNotFoundException
2021-12-22 15:31:43.219 DEBUG 80439 --- [restartedMain] o.a.c.loader.WebappClassLoaderBase       :     findClass(java.lang.ObjectCustomizer)
2021-12-22 15:31:43.220 DEBUG 80439 --- [restartedMain] o.a.c.loader.WebappClassLoaderBase       :     --> Returning ClassNotFoundException
2021-12-22 15:31:43.221 DEBUG 80439 --- [restartedMain] o.a.c.loader.WebappClassLoaderBase       :     findClass(org.springframework.core.io.support.PropertiesLoaderSupportCustomizer)
2021-12-22 15:31:43.222 DEBUG 80439 --- [restartedMain] o.a.c.loader.WebappClassLoaderBase       :     --> Returning ClassNotFoundException
2021-12-22 15:31:43.223 DEBUG 80439 --- [restartedMain] o.a.c.loader.WebappClassLoaderBase       :     findClass(org.springframework.beans.factory.config.PropertiesFactoryBeanCustomizer)
2021-12-22 15:31:43.225 DEBUG 80439 --- [restartedMain] o.a.c.loader.WebappClassLoaderBase       :     --> Returning ClassNotFoundException
2021-12-22 15:31:43.227 DEBUG 80439 --- [restartedMain] o.a.c.loader.WebappClassLoaderBase       :     findClass(org.springframework.beans.factory.FactoryBeanCustomizer)
2021-12-22 15:31:43.228 DEBUG 80439 --- [restartedMain] o.a.c.loader.WebappClassLoaderBase       :     --> Returning ClassNotFoundException
2021-12-22 15:31:43.229 DEBUG 80439 --- [restartedMain] o.a.c.loader.WebappClassLoaderBase       :     findClass(org.springframework.beans.factory.InitializingBeanCustomizer)
2021-12-22 15:31:43.230 DEBUG 80439 --- [restartedMain] o.a.c.loader.WebappClassLoaderBase       :     --> Returning ClassNotFoundException
2021-12-22 15:31:43.383 DEBUG 80439 --- [restartedMain] o.a.c.loader.WebappClassLoaderBase       :     findClass(org.slf4j.helpers.Log4jLoggerFactory)
2021-12-22 15:31:43.384 DEBUG 80439 --- [restartedMain] o.a.c.loader.WebappClassLoaderBase       :     --> Returning ClassNotFoundException
2021-12-22 15:31:43.431 DEBUG 80439 --- [restartedMain] o.a.c.loader.WebappClassLoaderBase       : getResource(META-INF/orm.xml)
2021-12-22 15:31:43.432 DEBUG 80439 --- [restartedMain] o.a.c.loader.WebappClassLoaderBase       :   Delegating to parent classloader org.springframework.boot.devtools.restart.classloader.RestartClassLoader@697a4dcf
2021-12-22 15:31:43.433 DEBUG 80439 --- [restartedMain] o.a.c.loader.WebappClassLoaderBase       :   --> Resource not found, returning null
2021-12-22 15:31:43.433 DEBUG 80439 --- [restartedMain] o.a.c.loader.WebappClassLoaderBase       : getResource()
2021-12-22 15:31:43.433 DEBUG 80439 --- [restartedMain] o.a.c.loader.WebappClassLoaderBase       :   Delegating to parent classloader org.springframework.boot.devtools.restart.classloader.RestartClassLoader@697a4dcf
2021-12-22 15:31:43.434 DEBUG 80439 --- [restartedMain] o.a.c.loader.WebappClassLoaderBase       :   --> Returning 'file:/Users/amanprasad/codebase/codersbidv2/target/classes/'
2021-12-22 15:31:43.470  INFO 80439 --- [restartedMain] o.hibernate.jpa.internal.util.LogHelper  : HHH000204: Processing PersistenceUnitInfo [name: default]
2021-12-22 15:31:43.562  INFO 80439 --- [restartedMain] org.hibernate.Version                    : HHH000412: Hibernate ORM core version 5.4.32.Final
2021-12-22 15:31:43.563 DEBUG 80439 --- [restartedMain] o.a.c.loader.WebappClassLoaderBase       : getResourceAsStream(hibernate.properties)
2021-12-22 15:31:43.563 DEBUG 80439 --- [restartedMain] o.a.c.loader.WebappClassLoaderBase       :   Delegating to parent classloader org.springframework.boot.devtools.restart.classloader.RestartClassLoader@697a4dcf
2021-12-22 15:31:43.564 DEBUG 80439 --- [restartedMain] o.a.c.loader.WebappClassLoaderBase       :   Searching local repositories
2021-12-22 15:31:43.564 DEBUG 80439 --- [restartedMain] o.a.c.loader.WebappClassLoaderBase       :   --> Resource not found, returning null
2021-12-22 15:31:43.819  INFO 80439 --- [restartedMain] o.hibernate.annotations.common.Version   : HCANN000001: Hibernate Commons Annotations {5.1.2.Final}
2021-12-22 15:31:43.957 DEBUG 80439 --- [restartedMain] o.a.c.loader.WebappClassLoaderBase       : getResource(com/codersbid/codersbidv2/bidAmount/DomainBid.class)
2021-12-22 15:31:43.958 DEBUG 80439 --- [restartedMain] o.a.c.loader.WebappClassLoaderBase       :   Delegating to parent classloader org.springframework.boot.devtools.restart.classloader.RestartClassLoader@697a4dcf
2021-12-22 15:31:43.958 DEBUG 80439 --- [restartedMain] o.a.c.loader.WebappClassLoaderBase       :   --> Returning 'file:/Users/amanprasad/codebase/codersbidv2/target/classes/com/codersbid/codersbidv2/bidAmount/DomainBid.class'
2021-12-22 15:31:43.958 DEBUG 80439 --- [restartedMain] o.a.c.loader.WebappClassLoaderBase       : getResource(com/codersbid/codersbidv2/bidAmount/DomainUserBid.class)
2021-12-22 15:31:43.959 DEBUG 80439 --- [restartedMain] o.a.c.loader.WebappClassLoaderBase       :   Delegating to parent classloader org.springframework.boot.devtools.restart.classloader.RestartClassLoader@697a4dcf
2021-12-22 15:31:43.960 DEBUG 80439 --- [restartedMain] o.a.c.loader.WebappClassLoaderBase       :   --> Returning 'file:/Users/amanprasad/codebase/codersbidv2/target/classes/com/codersbid/codersbidv2/bidAmount/DomainUserBid.class'
2021-12-22 15:31:43.960 DEBUG 80439 --- [restartedMain] o.a.c.loader.WebappClassLoaderBase       : getResource(com/codersbid/codersbidv2/biders/domain/DeletableEntity.class)
2021-12-22 15:31:43.960 DEBUG 80439 --- [restartedMain] o.a.c.loader.WebappClassLoaderBase       :   Delegating to parent classloader org.springframework.boot.devtools.restart.classloader.RestartClassLoader@697a4dcf
2021-12-22 15:31:43.960 DEBUG 80439 --- [restartedMain] o.a.c.loader.WebappClassLoaderBase       :   --> Returning 'file:/Users/amanprasad/codebase/codersbidv2/target/classes/com/codersbid/codersbidv2/biders/domain/DeletableEntity.class'
2021-12-22 15:31:43.961 DEBUG 80439 --- [restartedMain] o.a.c.loader.WebappClassLoaderBase       : getResource(com/codersbid/codersbidv2/biders/domain/DomainBider.class)
2021-12-22 15:31:43.961 DEBUG 80439 --- [restartedMain] o.a.c.loader.WebappClassLoaderBase       :   Delegating to parent classloader org.springframework.boot.devtools.restart.classloader.RestartClassLoader@697a4dcf
2021-12-22 15:31:43.961 DEBUG 80439 --- [restartedMain] o.a.c.loader.WebappClassLoaderBase       :   --> Returning 'file:/Users/amanprasad/codebase/codersbidv2/target/classes/com/codersbid/codersbidv2/biders/domain/DomainBider.class'
2021-12-22 15:31:43.962 DEBUG 80439 --- [restartedMain] o.a.c.loader.WebappClassLoaderBase       : getResource(com/codersbid/codersbidv2/biders/domain/DomainContest.class)
2021-12-22 15:31:43.962 DEBUG 80439 --- [restartedMain] o.a.c.loader.WebappClassLoaderBase       :   Delegating to parent classloader org.springframework.boot.devtools.restart.classloader.RestartClassLoader@697a4dcf
2021-12-22 15:31:43.962 DEBUG 80439 --- [restartedMain] o.a.c.loader.WebappClassLoaderBase       :   --> Returning 'file:/Users/amanprasad/codebase/codersbidv2/target/classes/com/codersbid/codersbidv2/biders/domain/DomainContest.class'
2021-12-22 15:31:43.962 DEBUG 80439 --- [restartedMain] o.a.c.loader.WebappClassLoaderBase       : getResource(com/codersbid/codersbidv2/handleVerification/DomainUserHandle.class)
2021-12-22 15:31:43.963 DEBUG 80439 --- [restartedMain] o.a.c.loader.WebappClassLoaderBase       :   Delegating to parent classloader org.springframework.boot.devtools.restart.classloader.RestartClassLoader@697a4dcf
2021-12-22 15:31:43.963 DEBUG 80439 --- [restartedMain] o.a.c.loader.WebappClassLoaderBase       :   --> Returning 'file:/Users/amanprasad/codebase/codersbidv2/target/classes/com/codersbid/codersbidv2/handleVerification/DomainUserHandle.class'
2021-12-22 15:31:43.963 DEBUG 80439 --- [restartedMain] o.a.c.loader.WebappClassLoaderBase       : getResource(com/codersbid/codersbidv2/handleVerification/DomainVerificationProblem.class)
2021-12-22 15:31:43.963 DEBUG 80439 --- [restartedMain] o.a.c.loader.WebappClassLoaderBase       :   Delegating to parent classloader org.springframework.boot.devtools.restart.classloader.RestartClassLoader@697a4dcf
2021-12-22 15:31:43.964 DEBUG 80439 --- [restartedMain] o.a.c.loader.WebappClassLoaderBase       :   --> Returning 'file:/Users/amanprasad/codebase/codersbidv2/target/classes/com/codersbid/codersbidv2/handleVerification/DomainVerificationProblem.class'
2021-12-22 15:31:43.964 DEBUG 80439 --- [restartedMain] o.a.c.loader.WebappClassLoaderBase       : getResource(com/codersbid/codersbidv2/payment/DomainOrder.class)
2021-12-22 15:31:43.964 DEBUG 80439 --- [restartedMain] o.a.c.loader.WebappClassLoaderBase       :   Delegating to parent classloader org.springframework.boot.devtools.restart.classloader.RestartClassLoader@697a4dcf
2021-12-22 15:31:43.964 DEBUG 80439 --- [restartedMain] o.a.c.loader.WebappClassLoaderBase       :   --> Returning 'file:/Users/amanprasad/codebase/codersbidv2/target/classes/com/codersbid/codersbidv2/payment/DomainOrder.class'
2021-12-22 15:31:43.965 DEBUG 80439 --- [restartedMain] o.a.c.loader.WebappClassLoaderBase       : getResource(com/codersbid/codersbidv2/payment/DomainTransaction.class)
2021-12-22 15:31:43.965 DEBUG 80439 --- [restartedMain] o.a.c.loader.WebappClassLoaderBase       :   Delegating to parent classloader org.springframework.boot.devtools.restart.classloader.RestartClassLoader@697a4dcf
2021-12-22 15:31:43.965 DEBUG 80439 --- [restartedMain] o.a.c.loader.WebappClassLoaderBase       :   --> Returning 'file:/Users/amanprasad/codebase/codersbidv2/target/classes/com/codersbid/codersbidv2/payment/DomainTransaction.class'
2021-12-22 15:31:43.966 DEBUG 80439 --- [restartedMain] o.a.c.loader.WebappClassLoaderBase       : getResource(com/codersbid/codersbidv2/result/DomainResult.class)
2021-12-22 15:31:43.966 DEBUG 80439 --- [restartedMain] o.a.c.loader.WebappClassLoaderBase       :   Delegating to parent classloader org.springframework.boot.devtools.restart.classloader.RestartClassLoader@697a4dcf
2021-12-22 15:31:43.966 DEBUG 80439 --- [restartedMain] o.a.c.loader.WebappClassLoaderBase       :   --> Returning 'file:/Users/amanprasad/codebase/codersbidv2/target/classes/com/codersbid/codersbidv2/result/DomainResult.class'
2021-12-22 15:31:44.003  INFO 80439 --- [restartedMain] com.zaxxer.hikari.HikariDataSource       : codersbid - Starting...
2021-12-22 15:31:44.971  INFO 80439 --- [restartedMain] com.zaxxer.hikari.HikariDataSource       : codersbid - Start completed.
2021-12-22 15:31:45.013  INFO 80439 --- [restartedMain] org.hibernate.dialect.Dialect            : HHH000400: Using dialect: org.hibernate.dialect.MySQL55Dialect
2021-12-22 15:31:46.574  INFO 80439 --- [restartedMain] o.h.e.t.j.p.i.JtaPlatformInitiator       : HHH000490: Using JtaPlatform implementation: [org.hibernate.engine.transaction.jta.platform.internal.NoJtaPlatform]
2021-12-22 15:31:46.586  INFO 80439 --- [restartedMain] j.LocalContainerEntityManagerFactoryBean : Initialized JPA EntityManagerFactory for persistence unit 'default'
2021-12-22 15:31:46.760 DEBUG 80439 --- [restartedMain] o.a.c.loader.WebappClassLoaderBase       :     findClass(com.codersbid.codersbidv2.biders.domain.DomainBiderBeanInfo)
2021-12-22 15:31:46.761 DEBUG 80439 --- [restartedMain] o.a.c.loader.WebappClassLoaderBase       :     --> Returning ClassNotFoundException
2021-12-22 15:31:46.762 DEBUG 80439 --- [restartedMain] o.a.c.loader.WebappClassLoaderBase       :     findClass(java.lang.ObjectBeanInfo)
2021-12-22 15:31:46.763 DEBUG 80439 --- [restartedMain] o.a.c.loader.WebappClassLoaderBase       :     --> Returning ClassNotFoundException
2021-12-22 15:31:46.764 DEBUG 80439 --- [restartedMain] o.a.c.loader.WebappClassLoaderBase       :     findClass(java.lang.ObjectCustomizer)
2021-12-22 15:31:46.764 DEBUG 80439 --- [restartedMain] o.a.c.loader.WebappClassLoaderBase       :     --> Returning ClassNotFoundException
2021-12-22 15:31:46.765 DEBUG 80439 --- [restartedMain] o.a.c.loader.WebappClassLoaderBase       :     findClass(com.codersbid.codersbidv2.biders.domain.DomainBiderCustomizer)
2021-12-22 15:31:46.766 DEBUG 80439 --- [restartedMain] o.a.c.loader.WebappClassLoaderBase       :     --> Returning ClassNotFoundException
2021-12-22 15:31:47.190 DEBUG 80439 --- [restartedMain] o.a.c.loader.WebappClassLoaderBase       :     findClass(java.lang.ObjectCustomizer)
2021-12-22 15:31:47.190 DEBUG 80439 --- [restartedMain] o.a.c.loader.WebappClassLoaderBase       :     --> Returning ClassNotFoundException
2021-12-22 15:31:47.191 DEBUG 80439 --- [restartedMain] o.a.c.loader.WebappClassLoaderBase       :     findClass(com.codersbid.codersbidv2.sharedService.userService.v1.BidersPasswordProcessorCustomizer)
2021-12-22 15:31:47.192 DEBUG 80439 --- [restartedMain] o.a.c.loader.WebappClassLoaderBase       :     --> Returning ClassNotFoundException
2021-12-22 15:31:47.227 DEBUG 80439 --- [restartedMain] o.a.c.loader.WebappClassLoaderBase       :     findClass(java.lang.ObjectCustomizer)
2021-12-22 15:31:47.228 DEBUG 80439 --- [restartedMain] o.a.c.loader.WebappClassLoaderBase       :     --> Returning ClassNotFoundException
2021-12-22 15:31:47.229 DEBUG 80439 --- [restartedMain] o.a.c.loader.WebappClassLoaderBase       :     findClass(com.codersbid.codersbidv2.handleVerification.DomainUserHandleCustomizer)
2021-12-22 15:31:47.230 DEBUG 80439 --- [restartedMain] o.a.c.loader.WebappClassLoaderBase       :     --> Returning ClassNotFoundException
2021-12-22 15:31:47.382 DEBUG 80439 --- [restartedMain] org.apache.catalina.core.ContainerBase   : Add child StandardWrapper[dispatcherServlet] StandardEngine[Tomcat].StandardHost[localhost].TomcatEmbeddedContext[/cb-be-service]
2021-12-22 15:31:47.384 DEBUG 80439 --- [restartedMain] org.apache.catalina.core.ContainerBase   : Add child StandardWrapper[messageDispatcherServlet] StandardEngine[Tomcat].StandardHost[localhost].TomcatEmbeddedContext[/cb-be-service]
2021-12-22 15:31:47.408 DEBUG 80439 --- [restartedMain] o.apache.catalina.core.StandardContext   : Configuring application event listeners
2021-12-22 15:31:47.409 DEBUG 80439 --- [restartedMain] o.a.c.c.C.[.[.[/cb-be-service]           : Sending application start events
2021-12-22 15:31:47.413 DEBUG 80439 --- [restartedMain] o.a.catalina.session.StandardManager     : Start: Loading persisted sessions
2021-12-22 15:31:47.413 DEBUG 80439 --- [restartedMain] o.a.catalina.session.StandardManager     : Loading persisted sessions from [/var/folders/3b/1r5m0qkd0_zg476l3qhsdkd80000gp/T/2DAD0E41E20FE8B5B77DDD11CD5FD964AEB5DD42/servlet-sessions/SESSIONS.ser]
2021-12-22 15:31:47.413 DEBUG 80439 --- [restartedMain] o.a.catalina.session.StandardManager     : No persisted data file found
2021-12-22 15:31:47.414 DEBUG 80439 --- [restartedMain] o.a.c.c.C.[.[.[/cb-be-service]           : Starting filters
2021-12-22 15:31:47.414 DEBUG 80439 --- [restartedMain] o.a.c.c.C.[.[.[/cb-be-service]           :  Starting filter 'authorizationFilter'
2021-12-22 15:31:47.418 DEBUG 80439 --- [restartedMain] o.a.c.c.C.[.[.[/cb-be-service]           :  Starting filter 'Tomcat WebSocket (JSR356) Filter'
2021-12-22 15:31:47.419 DEBUG 80439 --- [restartedMain] o.a.c.c.C.[.[.[/cb-be-service]           :  Starting filter 'characterEncodingFilter'
2021-12-22 15:31:47.421 DEBUG 80439 --- [restartedMain] o.a.c.c.C.[.[.[/cb-be-service]           :  Starting filter 'springSecurityFilterChain'
2021-12-22 15:31:47.422 DEBUG 80439 --- [restartedMain] o.apache.catalina.core.StandardContext   : Starting completed
2021-12-22 15:31:47.425 DEBUG 80439 --- [restartedMain] org.apache.catalina.mapper.Mapper        : Registered host [localhost]
2021-12-22 15:31:47.426 DEBUG 80439 --- [restartedMain] o.apache.catalina.mapper.MapperListener  : Register Wrapper [dispatcherServlet] in Context [/cb-be-service] for service [StandardService[Tomcat]]
2021-12-22 15:31:47.426 DEBUG 80439 --- [restartedMain] o.apache.catalina.mapper.MapperListener  : Register Wrapper [messageDispatcherServlet] in Context [/cb-be-service] for service [StandardService[Tomcat]]
2021-12-22 15:31:47.427 DEBUG 80439 --- [restartedMain] o.apache.catalina.mapper.MapperListener  : Register Context [/cb-be-service] for service [StandardService[Tomcat]]
2021-12-22 15:31:47.427 DEBUG 80439 --- [restartedMain] o.apache.catalina.mapper.MapperListener  : Register host [localhost] at domain [null] for service [StandardService[Tomcat]]
2021-12-22 15:31:47.794  WARN 80439 --- [restartedMain] JpaBaseConfiguration$JpaWebConfiguration : spring.jpa.open-in-view is enabled by default. Therefore, database queries may be performed during view rendering. Explicitly configure spring.jpa.open-in-view to disable this warning
2021-12-22 15:31:48.189  INFO 80439 --- [restartedMain] .s.s.UserDetailsServiceAutoConfiguration : 

Using generated security password: 5463212f-89fd-448f-bd16-1862ed89fdd5

2021-12-22 15:31:48.303  INFO 80439 --- [restartedMain] o.s.s.web.DefaultSecurityFilterChain     : Will secure any request with [org.springframework.security.web.context.request.async.WebAsyncManagerIntegrationFilter@39895f63, org.springframework.security.web.context.SecurityContextPersistenceFilter@19003fa6, org.springframework.security.web.header.HeaderWriterFilter@3d02bed3, org.springframework.security.web.authentication.logout.LogoutFilter@79459e65, org.springframework.security.web.savedrequest.RequestCacheAwareFilter@70cbc215, org.springframework.security.web.servletapi.SecurityContextHolderAwareRequestFilter@50f7c9d6, org.springframework.security.web.authentication.AnonymousAuthenticationFilter@40fbdd5b, org.springframework.security.web.session.SessionManagementFilter@7d844f0c, org.springframework.security.web.access.ExceptionTranslationFilter@16f6def5]
2021-12-22 15:31:48.552  INFO 80439 --- [restartedMain] o.s.b.d.a.OptionalLiveReloadServer       : LiveReload server is running on port 35729
2021-12-22 15:31:48.592 DEBUG 80439 --- [http-nio-8081-Acceptor] o.apache.tomcat.util.threads.LimitLatch  : Counting up[http-nio-8081-Acceptor] latch=0
2021-12-22 15:31:48.593  INFO 80439 --- [restartedMain] o.s.b.w.embedded.tomcat.TomcatWebServer  : Tomcat started on port(s): 8081 (http) with context path '/cb-be-service'
2021-12-22 15:31:48.603  INFO 80439 --- [restartedMain] c.c.codersbidv2.Codersbidv2Application   : Started Codersbidv2Application in 9.417 seconds (JVM running for 10.09)
2021-12-22 15:32:10.771 DEBUG 80439 --- [http-nio-8081-Acceptor] o.apache.tomcat.util.threads.LimitLatch  : Counting up[http-nio-8081-Acceptor] latch=1
2021-12-22 15:32:10.771 DEBUG 80439 --- [http-nio-8081-Acceptor] o.apache.tomcat.util.threads.LimitLatch  : Counting up[http-nio-8081-Acceptor] latch=2
2021-12-22 15:32:10.814 DEBUG 80439 --- [http-nio-8081-exec-1] o.a.tomcat.util.net.SocketWrapperBase    : Socket: [org.apache.tomcat.util.net.NioEndpoint$NioSocketWrapper@1ab7a709:org.apache.tomcat.util.net.NioChannel@14f7490a:java.nio.channels.SocketChannel[connected local=/0:0:0:0:0:0:0:1:8081 remote=/0:0:0:0:0:0:0:1:56792]], Read from buffer: [0]
2021-12-22 15:32:10.814 DEBUG 80439 --- [http-nio-8081-exec-1] org.apache.tomcat.util.net.NioEndpoint   : Socket: [org.apache.tomcat.util.net.NioEndpoint$NioSocketWrapper@1ab7a709:org.apache.tomcat.util.net.NioChannel@14f7490a:java.nio.channels.SocketChannel[connected local=/0:0:0:0:0:0:0:1:8081 remote=/0:0:0:0:0:0:0:1:56792]], Read direct from socket: [688]
2021-12-22 15:32:10.849 DEBUG 80439 --- [http-nio-8081-exec-1] org.apache.tomcat.util.http.Parameters   : Set query string encoding to UTF-8
2021-12-22 15:32:10.887 DEBUG 80439 --- [http-nio-8081-exec-1] o.a.tomcat.util.net.SocketWrapperBase    : Socket: [org.apache.tomcat.util.net.NioEndpoint$NioSocketWrapper@1ab7a709:org.apache.tomcat.util.net.NioChannel@14f7490a:java.nio.channels.SocketChannel[connected local=/0:0:0:0:0:0:0:1:8081 remote=/0:0:0:0:0:0:0:1:56792]], Read from buffer: [0]
2021-12-22 15:32:10.887 DEBUG 80439 --- [http-nio-8081-exec-1] org.apache.tomcat.util.net.NioEndpoint   : Socket: [org.apache.tomcat.util.net.NioEndpoint$NioSocketWrapper@1ab7a709:org.apache.tomcat.util.net.NioChannel@14f7490a:java.nio.channels.SocketChannel[connected local=/0:0:0:0:0:0:0:1:8081 remote=/0:0:0:0:0:0:0:1:56792]], Read direct from socket: [0]
2021-12-22 15:32:10.887 DEBUG 80439 --- [http-nio-8081-exec-1] org.apache.tomcat.util.net.NioEndpoint   : Registered read interest for [org.apache.tomcat.util.net.NioEndpoint$NioSocketWrapper@1ab7a709:org.apache.tomcat.util.net.NioChannel@14f7490a:java.nio.channels.SocketChannel[connected local=/0:0:0:0:0:0:0:1:8081 remote=/0:0:0:0:0:0:0:1:56792]]
2021-12-22 15:32:11.178 DEBUG 80439 --- [http-nio-8081-exec-2] o.a.tomcat.util.net.SocketWrapperBase    : Socket: [org.apache.tomcat.util.net.NioEndpoint$NioSocketWrapper@1ab7a709:org.apache.tomcat.util.net.NioChannel@14f7490a:java.nio.channels.SocketChannel[connected local=/0:0:0:0:0:0:0:1:8081 remote=/0:0:0:0:0:0:0:1:56792]], Read from buffer: [0]
2021-12-22 15:32:11.179 DEBUG 80439 --- [http-nio-8081-exec-2] org.apache.tomcat.util.net.NioEndpoint   : Socket: [org.apache.tomcat.util.net.NioEndpoint$NioSocketWrapper@1ab7a709:org.apache.tomcat.util.net.NioChannel@14f7490a:java.nio.channels.SocketChannel[connected local=/0:0:0:0:0:0:0:1:8081 remote=/0:0:0:0:0:0:0:1:56792]], Read direct from socket: [614]
2021-12-22 15:32:11.181 DEBUG 80439 --- [http-nio-8081-exec-2] o.a.tomcat.util.net.SocketWrapperBase    : Socket: [org.apache.tomcat.util.net.NioEndpoint$NioSocketWrapper@1ab7a709:org.apache.tomcat.util.net.NioChannel@14f7490a:java.nio.channels.SocketChannel[connected local=/0:0:0:0:0:0:0:1:8081 remote=/0:0:0:0:0:0:0:1:56792]], Read from buffer: [0]
2021-12-22 15:32:11.181 DEBUG 80439 --- [http-nio-8081-exec-2] org.apache.tomcat.util.net.NioEndpoint   : Socket: [org.apache.tomcat.util.net.NioEndpoint$NioSocketWrapper@1ab7a709:org.apache.tomcat.util.net.NioChannel@14f7490a:java.nio.channels.SocketChannel[connected local=/0:0:0:0:0:0:0:1:8081 remote=/0:0:0:0:0:0:0:1:56792]], Read direct from socket: [0]
2021-12-22 15:32:11.182 DEBUG 80439 --- [http-nio-8081-exec-2] org.apache.tomcat.util.net.NioEndpoint   : Registered read interest for [org.apache.tomcat.util.net.NioEndpoint$NioSocketWrapper@1ab7a709:org.apache.tomcat.util.net.NioChannel@14f7490a:java.nio.channels.SocketChannel[connected local=/0:0:0:0:0:0:0:1:8081 remote=/0:0:0:0:0:0:0:1:56792]]
2021-12-22 15:32:15.169 DEBUG 80439 --- [http-nio-8081-exec-3] o.a.tomcat.util.net.SocketWrapperBase    : Socket: [org.apache.tomcat.util.net.NioEndpoint$NioSocketWrapper@1ab7a709:org.apache.tomcat.util.net.NioChannel@14f7490a:java.nio.channels.SocketChannel[connected local=/0:0:0:0:0:0:0:1:8081 remote=/0:0:0:0:0:0:0:1:56792]], Read from buffer: [0]
2021-12-22 15:32:15.170 DEBUG 80439 --- [http-nio-8081-exec-3] org.apache.tomcat.util.net.NioEndpoint   : Socket: [org.apache.tomcat.util.net.NioEndpoint$NioSocketWrapper@1ab7a709:org.apache.tomcat.util.net.NioChannel@14f7490a:java.nio.channels.SocketChannel[connected local=/0:0:0:0:0:0:0:1:8081 remote=/0:0:0:0:0:0:0:1:56792]], Read direct from socket: [689]
2021-12-22 15:32:15.183 DEBUG 80439 --- [http-nio-8081-exec-3] o.a.tomcat.util.net.SocketWrapperBase    : Socket: [org.apache.tomcat.util.net.NioEndpoint$NioSocketWrapper@1ab7a709:org.apache.tomcat.util.net.NioChannel@14f7490a:java.nio.channels.SocketChannel[connected local=/0:0:0:0:0:0:0:1:8081 remote=/0:0:0:0:0:0:0:1:56792]], Read from buffer: [0]
2021-12-22 15:32:15.183 DEBUG 80439 --- [http-nio-8081-exec-3] org.apache.tomcat.util.net.NioEndpoint   : Socket: [org.apache.tomcat.util.net.NioEndpoint$NioSocketWrapper@1ab7a709:org.apache.tomcat.util.net.NioChannel@14f7490a:java.nio.channels.SocketChannel[connected local=/0:0:0:0:0:0:0:1:8081 remote=/0:0:0:0:0:0:0:1:56792]], Read direct from socket: [0]
2021-12-22 15:32:15.183 DEBUG 80439 --- [http-nio-8081-exec-3] org.apache.tomcat.util.net.NioEndpoint   : Registered read interest for [org.apache.tomcat.util.net.NioEndpoint$NioSocketWrapper@1ab7a709:org.apache.tomcat.util.net.NioChannel@14f7490a:java.nio.channels.SocketChannel[connected local=/0:0:0:0:0:0:0:1:8081 remote=/0:0:0:0:0:0:0:1:56792]]
2021-12-22 15:32:15.186 DEBUG 80439 --- [http-nio-8081-exec-4] o.a.tomcat.util.net.SocketWrapperBase    : Socket: [org.apache.tomcat.util.net.NioEndpoint$NioSocketWrapper@1ab7a709:org.apache.tomcat.util.net.NioChannel@14f7490a:java.nio.channels.SocketChannel[connected local=/0:0:0:0:0:0:0:1:8081 remote=/0:0:0:0:0:0:0:1:56792]], Read from buffer: [0]
2021-12-22 15:32:15.186 DEBUG 80439 --- [http-nio-8081-exec-4] org.apache.tomcat.util.net.NioEndpoint   : Socket: [org.apache.tomcat.util.net.NioEndpoint$NioSocketWrapper@1ab7a709:org.apache.tomcat.util.net.NioChannel@14f7490a:java.nio.channels.SocketChannel[connected local=/0:0:0:0:0:0:0:1:8081 remote=/0:0:0:0:0:0:0:1:56792]], Read direct from socket: [690]
2021-12-22 15:32:15.191 DEBUG 80439 --- [http-nio-8081-exec-4] o.a.c.authenticator.AuthenticatorBase    : Security checking request GET /cb-be-service/
2021-12-22 15:32:15.193 DEBUG 80439 --- [http-nio-8081-exec-4] org.apache.catalina.realm.RealmBase      :   No applicable constraints defined
2021-12-22 15:32:15.200 DEBUG 80439 --- [http-nio-8081-exec-4] o.a.c.a.jaspic.AuthConfigFactoryImpl     : Loading persistent provider registrations from [/private/var/folders/3b/1r5m0qkd0_zg476l3qhsdkd80000gp/T/tomcat.8081.2074085529465353976/conf/jaspic-providers.xml]
2021-12-22 15:32:15.201 DEBUG 80439 --- [http-nio-8081-exec-4] o.a.c.authenticator.AuthenticatorBase    : Not subject to any constraint
2021-12-22 15:32:15.204  INFO 80439 --- [http-nio-8081-exec-4] o.a.c.c.C.[.[.[/cb-be-service]           : Initializing Spring DispatcherServlet 'dispatcherServlet'
2021-12-22 15:32:15.204  INFO 80439 --- [http-nio-8081-exec-4] o.s.web.servlet.DispatcherServlet        : Initializing Servlet 'dispatcherServlet'
2021-12-22 15:32:15.209  INFO 80439 --- [http-nio-8081-exec-4] o.s.web.servlet.DispatcherServlet        : Completed initialization in 5 ms
2021-12-22 15:32:15.236  WARN 80439 --- [http-nio-8081-exec-4] o.s.w.c.s.SpringBeanAutowiringSupport    : Current WebApplicationContext is not available for processing of AuthorizationFilter: Make sure this class gets constructed in a Spring web application after the Spring WebApplicationContext has been initialized. Proceeding without injection.
2021-12-22 15:32:15.300 DEBUG 80439 --- [http-nio-8081-exec-4] o.a.tomcat.util.net.SocketWrapperBase    : Socket: [org.apache.tomcat.util.net.NioEndpoint$NioSocketWrapper@1ab7a709:org.apache.tomcat.util.net.NioChannel@14f7490a:java.nio.channels.SocketChannel[connected local=/0:0:0:0:0:0:0:1:8081 remote=/0:0:0:0:0:0:0:1:56792]], Read from buffer: [0]
2021-12-22 15:32:15.301 DEBUG 80439 --- [http-nio-8081-exec-4] org.apache.tomcat.util.net.NioEndpoint   : Socket: [org.apache.tomcat.util.net.NioEndpoint$NioSocketWrapper@1ab7a709:org.apache.tomcat.util.net.NioChannel@14f7490a:java.nio.channels.SocketChannel[connected local=/0:0:0:0:0:0:0:1:8081 remote=/0:0:0:0:0:0:0:1:56792]], Read direct from socket: [0]
2021-12-22 15:32:15.301 DEBUG 80439 --- [http-nio-8081-exec-4] org.apache.tomcat.util.net.NioEndpoint   : Registered read interest for [org.apache.tomcat.util.net.NioEndpoint$NioSocketWrapper@1ab7a709:org.apache.tomcat.util.net.NioChannel@14f7490a:java.nio.channels.SocketChannel[connected local=/0:0:0:0:0:0:0:1:8081 remote=/0:0:0:0:0:0:0:1:56792]]
2021-12-22 15:32:30.052  INFO 80439 --- [SpringApplicationShutdownHook] j.LocalContainerEntityManagerFactoryBean : Closing JPA EntityManagerFactory for persistence unit 'default'
2021-12-22 15:32:30.066  INFO 80439 --- [SpringApplicationShutdownHook] com.zaxxer.hikari.HikariDataSource       : codersbid - Shutdown initiated...
2021-12-22 15:32:30.083  INFO 80439 --- [SpringApplicationShutdownHook] com.zaxxer.hikari.HikariDataSource       : codersbid - Shutdown completed.
